2024-11-16 13:51:34 - HypercubeAnalysis - INFO - Event: analysis_start
2024-11-16 13:51:34 - HypercubeAnalysis - INFO - Event: iteration_start
2024-11-16 13:51:34 - HypercubeAnalysis - INFO - Event: iteration_complete
2024-11-16 13:51:34 - HypercubeAnalysis - INFO - Event: iteration_start
2024-11-16 13:51:35 - HypercubeAnalysis - INFO - Event: iteration_complete
2024-11-16 13:51:35 - HypercubeAnalysis - INFO - Event: iteration_start
2024-11-16 13:51:35 - HypercubeAnalysis - INFO - Event: iteration_complete
2024-11-16 13:51:35 - HypercubeAnalysis - INFO - Event: iteration_start
2024-11-16 13:51:36 - HypercubeAnalysis - INFO - Event: iteration_complete
2024-11-16 13:51:36 - HypercubeAnalysis - INFO - Event: iteration_start
2024-11-16 13:51:36 - HypercubeAnalysis - INFO - Event: iteration_complete
2024-11-16 13:51:36 - HypercubeAnalysis - INFO - Event: iteration_start
2024-11-16 13:51:36 - HypercubeAnalysis - INFO - Event: iteration_complete
2024-11-16 13:51:36 - HypercubeAnalysis - INFO - Event: iteration_start
2024-11-16 13:51:37 - HypercubeAnalysis - INFO - Event: iteration_complete
2024-11-16 13:51:37 - HypercubeAnalysis - INFO - Event: iteration_start
2024-11-16 13:51:37 - HypercubeAnalysis - INFO - Event: iteration_complete
2024-11-16 13:51:37 - HypercubeAnalysis - INFO - Event: iteration_start
2024-11-16 13:51:38 - HypercubeAnalysis - INFO - Event: iteration_complete
2024-11-16 13:51:52 - HypercubeAnalysis - ERROR - Error occurred with context
2024-11-16 13:51:52 - HypercubeAnalysis - ERROR - Uncaught exception:
Traceback (most recent call last):
  File "d:\Github\larsonPaperReplication\main.py", line 250, in <module>
    main()
  File "d:\Github\larsonPaperReplication\main.py", line 239, in main
    analysis.run_paper_replication()
  File "d:\Github\larsonPaperReplication\main.py", line 86, in run_paper_replication
    self._generate_comparisons()
  File "d:\Github\larsonPaperReplication\main.py", line 129, in _generate_comparisons
    from src.analysis.comparison import SystemComparison
ImportError: cannot import name 'SystemComparison' from 'src.analysis.comparison' (d:\Github\larsonPaperReplication\src\analysis\comparison.py)
